This is pdfTeX, Version 3.141592653-2.6-1.40.25 (TeX Live 2023/nixos.org) (preloaded format=pdflatex 1980.1.1)  1 MAY 2025 23:14
entering extended mode
 \write18 enabled.
 %&-line parsing enabled.
**example.tex
(./example.tex
LaTeX2e <2023-11-01> patch level 1
L3 programming layer <2024-02-20>

(/nix/store/cnz74cwhrl0gab0fmi401jpazkarxhfc-texlive-combined-2023-texmfdist/te
x/latex/base/article.cls
Document Class: article 2023/05/17 v1.4n Standard LaTeX document class

(/nix/store/cnz74cwhrl0gab0fmi401jpazkarxhfc-texlive-combined-2023-texmfdist/te
x/latex/base/size10.clo
File: size10.clo 2023/05/17 v1.4n Standard LaTeX file (size option)
)
\c@part=\count188
\c@section=\count189
\c@subsection=\count190
\c@subsubsection=\count191
\c@paragraph=\count192
\c@subparagraph=\count193
\c@figure=\count194
\c@table=\count195
\abovecaptionskip=\skip48
\belowcaptionskip=\skip49
\bibindent=\dimen140
)
(/nix/store/cnz74cwhrl0gab0fmi401jpazkarxhfc-texlive-combined-2023-texmfdist/te
x/latex/tools/verbatim.sty
Package: verbatim 2023-11-06 v1.5v LaTeX2e package for verbatim enhancements
\every@verbatim=\toks17
\verbatim@line=\toks18
\verbatim@in@stream=\read2
)
(/nix/store/cnz74cwhrl0gab0fmi401jpazkarxhfc-texlive-combined-2023-texmfdist/te
x/latex/mdframed/mdframed.sty
Package: mdframed 2013/07/01 1.9b: mdframed

(/nix/store/cnz74cwhrl0gab0fmi401jpazkarxhfc-texlive-combined-2023-texmfdist/te
x/latex/kvoptions/kvoptions.sty
Package: kvoptions 2022-06-15 v3.15 Key value format for package options (HO)

(/nix/store/cnz74cwhrl0gab0fmi401jpazkarxhfc-texlive-combined-2023-texmfdist/te
x/latex/graphics/keyval.sty
Package: keyval 2022/05/29 v1.15 key=value parser (DPC)
\KV@toks@=\toks19
)
(/nix/store/cnz74cwhrl0gab0fmi401jpazkarxhfc-texlive-combined-2023-texmfdist/te
x/generic/ltxcmds/ltxcmds.sty
Package: ltxcmds 2023-12-04 v1.26 LaTeX kernel commands for general use (HO)
)
(/nix/store/cnz74cwhrl0gab0fmi401jpazkarxhfc-texlive-combined-2023-texmfdist/te
x/latex/kvsetkeys/kvsetkeys.sty
Package: kvsetkeys 2022-10-05 v1.19 Key value parser (HO)
))
(/nix/store/cnz74cwhrl0gab0fmi401jpazkarxhfc-texlive-combined-2023-texmfdist/te
x/latex/l3packages/xparse/xparse.sty
(/nix/store/cnz74cwhrl0gab0fmi401jpazkarxhfc-texlive-combined-2023-texmfdist/te
x/latex/l3kernel/expl3.sty
Package: expl3 2024-02-20 L3 programming layer (loader) 

(/nix/store/cnz74cwhrl0gab0fmi401jpazkarxhfc-texlive-combined-2023-texmfdist/te
x/latex/l3backend/l3backend-pdftex.def
File: l3backend-pdftex.def 2024-02-20 L3 backend support: PDF output (pdfTeX)
\l__color_backend_stack_int=\count196
\l__pdf_internal_box=\box51
))
Package: xparse 2024-02-18 L3 Experimental document command parser
)
(/nix/store/cnz74cwhrl0gab0fmi401jpazkarxhfc-texlive-combined-2023-texmfdist/te
x/latex/etoolbox/etoolbox.sty
Package: etoolbox 2020/10/05 v2.5k e-TeX tools for LaTeX (JAW)
\etb@tempcnta=\count197
)
(/nix/store/cnz74cwhrl0gab0fmi401jpazkarxhfc-texlive-combined-2023-texmfdist/te
x/latex/zref/zref-abspage.sty
Package: zref-abspage 2023-09-14 v2.35 Module abspage for zref (HO)

(/nix/store/cnz74cwhrl0gab0fmi401jpazkarxhfc-texlive-combined-2023-texmfdist/te
x/latex/zref/zref-base.sty
Package: zref-base 2023-09-14 v2.35 Module base for zref (HO)

(/nix/store/cnz74cwhrl0gab0fmi401jpazkarxhfc-texlive-combined-2023-texmfdist/te
x/generic/infwarerr/infwarerr.sty
Package: infwarerr 2019/12/03 v1.5 Providing info/warning/error messages (HO)
)
(/nix/store/cnz74cwhrl0gab0fmi401jpazkarxhfc-texlive-combined-2023-texmfdist/te
x/generic/kvdefinekeys/kvdefinekeys.sty
Package: kvdefinekeys 2019-12-19 v1.6 Define keys (HO)
)
(/nix/store/cnz74cwhrl0gab0fmi401jpazkarxhfc-texlive-combined-2023-texmfdist/te
x/generic/pdftexcmds/pdftexcmds.sty
Package: pdftexcmds 2020-06-27 v0.33 Utility functions of pdfTeX for LuaTeX (HO
)

(/nix/store/cnz74cwhrl0gab0fmi401jpazkarxhfc-texlive-combined-2023-texmfdist/te
x/generic/iftex/iftex.sty
Package: iftex 2022/02/03 v1.0f TeX engine tests
)
Package pdftexcmds Info: \pdf@primitive is available.
Package pdftexcmds Info: \pdf@ifprimitive is available.
Package pdftexcmds Info: \pdfdraftmode found.
)
(/nix/store/cnz74cwhrl0gab0fmi401jpazkarxhfc-texlive-combined-2023-texmfdist/te
x/generic/etexcmds/etexcmds.sty
Package: etexcmds 2019/12/15 v1.7 Avoid name clashes with e-TeX commands (HO)
)
(/nix/store/cnz74cwhrl0gab0fmi401jpazkarxhfc-texlive-combined-2023-texmfdist/te
x/latex/auxhook/auxhook.sty
Package: auxhook 2019-12-17 v1.6 Hooks for auxiliary files (HO)
)
Package zref Info: New property list: main on input line 767.
Package zref Info: New property: default on input line 768.
Package zref Info: New property: page on input line 769.
)
\c@abspage=\count198
Package zref Info: New property: abspage on input line 67.
)
(/nix/store/cnz74cwhrl0gab0fmi401jpazkarxhfc-texlive-combined-2023-texmfdist/te
x/latex/needspace/needspace.sty
Package: needspace 2010/09/12 v1.3d reserve vertical space
)
(/nix/store/cnz74cwhrl0gab0fmi401jpazkarxhfc-texlive-combined-2023-texmfdist/te
x/latex/graphics/color.sty
Package: color 2022/01/06 v1.3d Standard LaTeX Color (DPC)

(/nix/store/cnz74cwhrl0gab0fmi401jpazkarxhfc-texlive-combined-2023-texmfdist/te
x/latex/graphics-cfg/color.cfg
File: color.cfg 2016/01/02 v1.6 sample color configuration
)
Package color Info: Driver file: pdftex.def on input line 149.

(/nix/store/cnz74cwhrl0gab0fmi401jpazkarxhfc-texlive-combined-2023-texmfdist/te
x/latex/graphics-def/pdftex.def
File: pdftex.def 2022/09/22 v1.2b Graphics/color driver for pdftex
)
(/nix/store/cnz74cwhrl0gab0fmi401jpazkarxhfc-texlive-combined-2023-texmfdist/te
x/latex/graphics/mathcolor.ltx))
\mdf@templength=\skip50
\c@mdf@globalstyle@cnt=\count199
\mdf@skipabove@length=\skip51
\mdf@skipbelow@length=\skip52
\mdf@leftmargin@length=\skip53
\mdf@rightmargin@length=\skip54
\mdf@innerleftmargin@length=\skip55
\mdf@innerrightmargin@length=\skip56
\mdf@innertopmargin@length=\skip57
\mdf@innerbottommargin@length=\skip58
\mdf@splittopskip@length=\skip59
\mdf@splitbottomskip@length=\skip60
\mdf@outermargin@length=\skip61
\mdf@innermargin@length=\skip62
\mdf@linewidth@length=\skip63
\mdf@innerlinewidth@length=\skip64
\mdf@middlelinewidth@length=\skip65
\mdf@outerlinewidth@length=\skip66
\mdf@roundcorner@length=\skip67
\mdf@footenotedistance@length=\skip68
\mdf@userdefinedwidth@length=\skip69
\mdf@needspace@length=\skip70
\mdf@frametitleaboveskip@length=\skip71
\mdf@frametitlebelowskip@length=\skip72
\mdf@frametitlerulewidth@length=\skip73
\mdf@frametitleleftmargin@length=\skip74
\mdf@frametitlerightmargin@length=\skip75
\mdf@shadowsize@length=\skip76
\mdf@extratopheight@length=\skip77
\mdf@subtitleabovelinewidth@length=\skip78
\mdf@subtitlebelowlinewidth@length=\skip79
\mdf@subtitleaboveskip@length=\skip80
\mdf@subtitlebelowskip@length=\skip81
\mdf@subtitleinneraboveskip@length=\skip82
\mdf@subtitleinnerbelowskip@length=\skip83
\mdf@subsubtitleabovelinewidth@length=\skip84
\mdf@subsubtitlebelowlinewidth@length=\skip85
\mdf@subsubtitleaboveskip@length=\skip86
\mdf@subsubtitlebelowskip@length=\skip87
\mdf@subsubtitleinneraboveskip@length=\skip88
\mdf@subsubtitleinnerbelowskip@length=\skip89

(/nix/store/cnz74cwhrl0gab0fmi401jpazkarxhfc-texlive-combined-2023-texmfdist/te
x/latex/mdframed/md-frame-0.mdf
File: md-frame-0.mdf 2013/07/01\ 1.9b: md-frame-0
)
\mdf@frametitlebox=\box52
\mdf@footnotebox=\box53
\mdf@splitbox@one=\box54
\mdf@splitbox@two=\box55
\mdf@splitbox@save=\box56
\mdfsplitboxwidth=\skip90
\mdfsplitboxtotalwidth=\skip91
\mdfsplitboxheight=\skip92
\mdfsplitboxdepth=\skip93
\mdfsplitboxtotalheight=\skip94
\mdfframetitleboxwidth=\skip95
\mdfframetitleboxtotalwidth=\skip96
\mdfframetitleboxheight=\skip97
\mdfframetitleboxdepth=\skip98
\mdfframetitleboxtotalheight=\skip99
\mdffootnoteboxwidth=\skip100
\mdffootnoteboxtotalwidth=\skip101
\mdffootnoteboxheight=\skip102
\mdffootnoteboxdepth=\skip103
\mdffootnoteboxtotalheight=\skip104
\mdftotallinewidth=\skip105
\mdfboundingboxwidth=\skip106
\mdfboundingboxtotalwidth=\skip107
\mdfboundingboxheight=\skip108
\mdfboundingboxdepth=\skip109
\mdfboundingboxtotalheight=\skip110
\mdf@freevspace@length=\skip111
\mdf@horizontalwidthofbox@length=\skip112
\mdf@verticalmarginwhole@length=\skip113
\mdf@horizontalspaceofbox=\skip114
\mdfsubtitleheight=\skip115
\mdfsubsubtitleheight=\skip116
\c@mdfcountframes=\count266

****** mdframed patching \endmdf@trivlist

****** -- success******

\mdf@envdepth=\count267
\c@mdf@env@i=\count268
\c@mdf@env@ii=\count269
\c@mdf@zref@counter=\count270
Package zref Info: New property: mdf@pagevalue on input line 895.
)
(/nix/store/cnz74cwhrl0gab0fmi401jpazkarxhfc-texlive-combined-2023-texmfdist/te
x/latex/minted/minted.sty
Package: minted 2023/12/18 v2.9 Yet another Pygments shim for LaTeX

(/nix/store/cnz74cwhrl0gab0fmi401jpazkarxhfc-texlive-combined-2023-texmfdist/te
x/latex/fvextra/fvextra.sty
Package: fvextra 2023/11/28 v1.6.1 fvextra - extensions and patches for fancyvr
b

(/nix/store/cnz74cwhrl0gab0fmi401jpazkarxhfc-texlive-combined-2023-texmfdist/te
x/latex/fancyvrb/fancyvrb.sty
Package: fancyvrb 2024/01/20 4.5c verbatim text (tvz,hv)
\FV@CodeLineNo=\count271
\FV@InFile=\read3
\FV@TabBox=\box57
\c@FancyVerbLine=\count272
\FV@StepNumber=\count273
\FV@OutFile=\write3
)
(/nix/store/cnz74cwhrl0gab0fmi401jpazkarxhfc-texlive-combined-2023-texmfdist/te
x/latex/upquote/upquote.sty
Package: upquote 2012/04/19 v1.3 upright-quote and grave-accent glyphs in verba
tim
)
(/nix/store/cnz74cwhrl0gab0fmi401jpazkarxhfc-texlive-combined-2023-texmfdist/te
x/latex/lineno/lineno.sty
Package: lineno 2023/05/20 line numbers on paragraphs v5.3
\linenopenalty=\count274
\output=\toks20
\linenoprevgraf=\count275
\linenumbersep=\dimen141
\linenumberwidth=\dimen142
\c@linenumber=\count276
\c@pagewiselinenumber=\count277
\c@LN@truepage=\count278
\c@internallinenumber=\count279
\c@internallinenumbers=\count280
\quotelinenumbersep=\dimen143
\bframerule=\dimen144
\bframesep=\dimen145
\bframebox=\box58
LaTeX Info: Redefining \\ on input line 3180.
)
\c@FancyVerbWriteLine=\count281
\c@FancyVerbBufferIndex=\count282
\c@FancyVerbBufferLength=\count283
\c@FancyVerbBufferLine=\count284
\c@FV@oldbufferlength=\count285
\c@FV@TrueTabGroupLevel=\count286
\c@FV@TrueTabCounter=\count287
\FV@TabBox@Group=\box59
\FV@TmpLength=\skip117
\c@FV@HighlightLinesStart=\count288
\c@FV@HighlightLinesStop=\count289
\FV@LoopCount=\count290
\FV@NCharsBox=\box60
\FV@BreakIndent=\dimen146
\FV@BreakIndentNChars=\count291
\FV@BreakSymbolSepLeft=\dimen147
\FV@BreakSymbolSepLeftNChars=\count292
\FV@BreakSymbolSepRight=\dimen148
\FV@BreakSymbolSepRightNChars=\count293
\FV@BreakSymbolIndentLeft=\dimen149
\FV@BreakSymbolIndentLeftNChars=\count294
\FV@BreakSymbolIndentRight=\dimen150
\FV@BreakSymbolIndentRightNChars=\count295
\c@FancyVerbLineBreakLast=\count296
\FV@LineBox=\box61
\FV@LineIndentBox=\box62
\c@FV@BreakBufferDepth=\count297
\FV@LineWidth=\dimen151
)
(/nix/store/cnz74cwhrl0gab0fmi401jpazkarxhfc-texlive-combined-2023-texmfdist/te
x/latex/base/ifthen.sty
Package: ifthen 2022/04/13 v1.1d Standard LaTeX ifthen package (DPC)
)
(/nix/store/cnz74cwhrl0gab0fmi401jpazkarxhfc-texlive-combined-2023-texmfdist/te
x/latex/tools/shellesc.sty
Package: shellesc 2023/07/08 v1.0d unified shell escape interface for LaTeX
Package shellesc Info: Unrestricted shell escape enabled on input line 75.
)
(/nix/store/cnz74cwhrl0gab0fmi401jpazkarxhfc-texlive-combined-2023-texmfdist/te
x/latex/ifplatform/ifplatform.sty
Package: ifplatform 2017/10/13 v0.4a Testing for the operating system

(/nix/store/cnz74cwhrl0gab0fmi401jpazkarxhfc-texlive-combined-2023-texmfdist/te
x/generic/catchfile/catchfile.sty
Package: catchfile 2019/12/09 v1.8 Catch the contents of a file (HO)
)
(/nix/store/cnz74cwhrl0gab0fmi401jpazkarxhfc-texlive-combined-2023-texmfdist/te
x/generic/iftex/ifluatex.sty
Package: ifluatex 2019/10/25 v1.5 ifluatex legacy package. Use iftex instead.
)
runsystem(uname -s > "example.w18")...executed.

 (./example.w18)
runsystem(rm -- "example.w18")...executed.

)
(/nix/store/cnz74cwhrl0gab0fmi401jpazkarxhfc-texlive-combined-2023-texmfdist/te
x/generic/xstring/xstring.sty
(/nix/store/cnz74cwhrl0gab0fmi401jpazkarxhfc-texlive-combined-2023-texmfdist/te
x/generic/xstring/xstring.tex
\xs_counta=\count298
\xs_countb=\count299
)
Package: xstring 2023/08/22 v1.86 String manipulations (CT)
)
(/nix/store/cnz74cwhrl0gab0fmi401jpazkarxhfc-texlive-combined-2023-texmfdist/te
x/latex/framed/framed.sty
Package: framed 2011/10/22 v 0.96: framed or shaded text with page breaks
\OuterFrameSep=\skip118
\fb@frw=\dimen152
\fb@frh=\dimen153
\FrameRule=\dimen154
\FrameSep=\dimen155
)
(/nix/store/cnz74cwhrl0gab0fmi401jpazkarxhfc-texlive-combined-2023-texmfdist/te
x/latex/float/float.sty
Package: float 2001/11/08 v1.3d Float enhancements (AL)
\c@float@type=\count300
\float@exts=\toks21
\float@box=\box63
\@float@everytoks=\toks22
\@floatcapt=\box64
)
\minted@appexistsfile=\read4
\minted@bgbox=\box65
\minted@code=\write4
\c@minted@FancyVerbLineTemp=\count301
\c@minted@pygmentizecounter=\count302
\@float@every@listing=\toks23
\c@listing=\count303
)
runsystem(mkdir -p _build/_minted-example)...executed.


(/nix/store/cnz74cwhrl0gab0fmi401jpazkarxhfc-texlive-combined-2023-texmfdist/te
x/latex/base/inputenc.sty
Package: inputenc 2021/02/14 v1.3d Input encoding file
\inpenc@prehook=\toks24
\inpenc@posthook=\toks25
)
runsystem(command -v pygmentize && touch example.aex)...executed.

runsystem(rm example.aex)...executed.

 (_build/example.aux)
\openout1 = `example.aux'.

LaTeX Font Info:    Checking defaults for OML/cmm/m/it on input line 26.
LaTeX Font Info:    ... okay on input line 26.
LaTeX Font Info:    Checking defaults for OMS/cmsy/m/n on input line 26.
LaTeX Font Info:    ... okay on input line 26.
LaTeX Font Info:    Checking defaults for OT1/cmr/m/n on input line 26.
LaTeX Font Info:    ... okay on input line 26.
LaTeX Font Info:    Checking defaults for T1/cmr/m/n on input line 26.
LaTeX Font Info:    ... okay on input line 26.
LaTeX Font Info:    Checking defaults for TS1/cmr/m/n on input line 26.
LaTeX Font Info:    ... okay on input line 26.
LaTeX Font Info:    Checking defaults for OMX/cmex/m/n on input line 26.
LaTeX Font Info:    ... okay on input line 26.
LaTeX Font Info:    Checking defaults for U/cmr/m/n on input line 26.
LaTeX Font Info:    ... okay on input line 26.

(/nix/store/cnz74cwhrl0gab0fmi401jpazkarxhfc-texlive-combined-2023-texmfdist/te
x/context/base/mkii/supp-pdf.mkii
[Loading MPS to PDF converter (version 2006.09.02).]
\scratchcounter=\count304
\scratchdimen=\dimen156
\scratchbox=\box66
\nofMPsegments=\count305
\nofMParguments=\count306
\everyMPshowfont=\toks26
\MPscratchCnt=\count307
\MPscratchDim=\dimen157
\MPnumerator=\count308
\makeMPintoPDFobject=\count309
\everyMPtoPDFconversion=\toks27
)
\openout3 = `example.pyg'.

 (./_build/_minted-example/default.pygstyle)
(./_build/_minted-example/151A3FEDB1AF623810C753F7E892BA0A463DDF0308807293EA874
7CCA880CB61.pygtex) [1

{/nix/store/5kyyh6kifks3y1jz5s6b5xypcgpnxi4h-texlive-combined-2023/share/texmf-
var/fonts/map/pdftex/updmap/pdftex.map}]
\openout3 = `example.pyg'.


(./_build/_minted-example/F0816A0A21B50703849179F61033F9BA463DDF0308807293EA874
7CCA880CB61.pygtex
LaTeX Font Info:    Font shape `OT1/cmtt/bx/n' in size <8> not available
(Font)              Font shape `OT1/cmtt/m/n' tried instead on input line 2.
) [2] (_build/example.aux)
 ***********
LaTeX2e <2023-11-01> patch level 1
L3 programming layer <2024-02-20>
 ***********
runsystem(rm _build//example.pyg)...executed.

 ) 
Here is how much of TeX's memory you used:
 6027 strings out of 474710
 127522 string characters out of 5740058
 1935187 words of memory out of 5000000
 28140 multiletter control sequences out of 15000+600000
 559926 words of font info for 43 fonts, out of 8000000 for 9000
 846 hyphenation exceptions out of 8191
 84i,5n,93p,486b,681s stack positions out of 10000i,1000n,20000p,200000b,200000s
</nix/store/cnz74cwhrl0gab0fmi401jpazkarxhfc-texlive-combined-2023-texmfdist/
fonts/type1/public/amsfonts/cm/cmbx10.pfb></nix/store/cnz74cwhrl0gab0fmi401jpaz
karxhfc-texlive-combined-2023-texmfdist/fonts/type1/public/amsfonts/cm/cmbx12.p
fb></nix/store/cnz74cwhrl0gab0fmi401jpazkarxhfc-texlive-combined-2023-texmfdist
/fonts/type1/public/amsfonts/cm/cmbx5.pfb></nix/store/cnz74cwhrl0gab0fmi401jpaz
karxhfc-texlive-combined-2023-texmfdist/fonts/type1/public/amsfonts/cm/cmr10.pf
b></nix/store/cnz74cwhrl0gab0fmi401jpazkarxhfc-texlive-combined-2023-texmfdist/
fonts/type1/public/amsfonts/cm/cmtt10.pfb></nix/store/cnz74cwhrl0gab0fmi401jpaz
karxhfc-texlive-combined-2023-texmfdist/fonts/type1/public/amsfonts/cm/cmtt8.pf
b>
Output written on _build/example.pdf (2 pages, 77147 bytes).
PDF statistics:
 41 PDF objects out of 1000 (max. 8388607)
 24 compressed objects within 1 object stream
 0 named destinations out of 1000 (max. 500000)
 1 words of extra memory for PDF output out of 10000 (max. 10000000)

